[0126/191200.824:ERROR:directory_reader_win.cc(43)] FindFirstFile: The system cannot find the path specified. (0x3)
[0126/233352.128:ERROR:scoped_process_suspend.cc(31)] NtSuspendProcess: An attempt was made to access an exiting process. (0xc000010a)
[0126/233352.291:ERROR:process_info.cc(118)] ReadProcessMemory bool __cdecl crashpad::(anonymous namespace)::ReadStruct(HANDLE, crashpad::WinVMAddress, T *) [T = crashpad::process_types::PEB<crashpad::process_types::internal::Traits64>]: Only part of a ReadProcessMemory or WriteProcessMemory request was completed. (0x12B)
[0126/233352.291:ERROR:process_info.cc(551)] ReadProcessData failed
[0127/003025.332:ERROR:directory_reader_win.cc(43)] FindFirstFile: The system cannot find the path specified. (0x3)
[0127/104615.759:ERROR:directory_reader_win.cc(43)] FindFirstFile: The system cannot find the path specified. (0x3)
[0128/002000.790:ERROR:process_reader_win.cc(151)] SuspendThread: Access is denied. (0x5)
[0128/002000.790:ERROR:process_reader_win.cc(151)] SuspendThread: Access is denied. (0x5)
[0128/002000.790:ERROR:process_reader_win.cc(151)] SuspendThread: Access is denied. (0x5)
[0128/002000.790:ERROR:process_reader_win.cc(151)] SuspendThread: Access is denied. (0x5)
[0128/002000.790:ERROR:process_reader_win.cc(151)] SuspendThread: Access is denied. (0x5)
[0128/002000.790:ERROR:process_reader_win.cc(151)] SuspendThread: Access is denied. (0x5)
[0128/002000.790:ERROR:process_reader_win.cc(151)] SuspendThread: Access is denied. (0x5)
[0128/002000.790:ERROR:process_reader_win.cc(151)] SuspendThread: Access is denied. (0x5)
[0128/002000.790:ERROR:process_reader_win.cc(151)] SuspendThread: Access is denied. (0x5)
[0128/002000.790:ERROR:process_reader_win.cc(151)] SuspendThread: Access is denied. (0x5)
[0128/002000.790:ERROR:process_reader_win.cc(151)] SuspendThread: Access is denied. (0x5)
[0128/002000.790:ERROR:process_reader_win.cc(151)] SuspendThread: Access is denied. (0x5)
[0128/002000.790:ERROR:process_reader_win.cc(151)] SuspendThread: Access is denied. (0x5)
[0128/002000.790:ERROR:process_reader_win.cc(151)] SuspendThread: Access is denied. (0x5)
[0128/002000.790:ERROR:process_reader_win.cc(151)] SuspendThread: Access is denied. (0x5)
[0128/002000.790:ERROR:process_reader_win.cc(151)] SuspendThread: Access is denied. (0x5)
[0128/002000.790:ERROR:process_reader_win.cc(151)] SuspendThread: Access is denied. (0x5)
[0128/002000.790:ERROR:process_reader_win.cc(151)] SuspendThread: Access is denied. (0x5)
[0128/002000.790:ERROR:process_reader_win.cc(151)] SuspendThread: Access is denied. (0x5)
[0128/002000.790:ERROR:process_reader_win.cc(151)] SuspendThread: Access is denied. (0x5)
[0128/002000.790:ERROR:process_reader_win.cc(151)] SuspendThread: Access is denied. (0x5)
[0128/002000.790:ERROR:process_reader_win.cc(123)] NtOpenThread: {Access Denied} A process has requested access to an object, but has not been granted those access rights. (0xc0000022)
[0128/002000.790:ERROR:process_reader_win.cc(123)] NtOpenThread: {Access Denied} A process has requested access to an object, but has not been granted those access rights. (0xc0000022)
[0128/002000.790:ERROR:process_reader_win.cc(123)] NtOpenThread: {Access Denied} A process has requested access to an object, but has not been granted those access rights. (0xc0000022)
[0128/002000.790:ERROR:process_reader_win.cc(123)] NtOpenThread: {Access Denied} A process has requested access to an object, but has not been granted those access rights. (0xc0000022)
[0128/002000.790:ERROR:process_reader_win.cc(123)] NtOpenThread: {Access Denied} A process has requested access to an object, but has not been granted those access rights. (0xc0000022)
[0128/002000.790:ERROR:process_reader_win.cc(123)] NtOpenThread: {Access Denied} A process has requested access to an object, but has not been granted those access rights. (0xc0000022)
[0128/002000.790:ERROR:process_reader_win.cc(123)] NtOpenThread: {Access Denied} A process has requested access to an object, but has not been granted those access rights. (0xc0000022)
[0128/002000.810:ERROR:exception_snapshot_win.cc(99)] thread ID 6360 not found in process
[0128/002000.810:ERROR:exception_snapshot_win.cc(99)] thread ID 6708 not found in process
[0128/002000.810:ERROR:exception_snapshot_win.cc(99)] thread ID 7728 not found in process
[0128/002000.810:ERROR:exception_snapshot_win.cc(99)] thread ID 7868 not found in process
[0128/002000.810:ERROR:exception_snapshot_win.cc(99)] thread ID 16068 not found in process
[0128/002000.810:ERROR:exception_snapshot_win.cc(99)] thread ID 9960 not found in process
[0128/002000.810:ERROR:exception_snapshot_win.cc(99)] thread ID 15732 not found in process
